<?xml version="1.0" encoding="UTF-8"?>
<!-- Generated by org.testng.reporters.JUnitXMLReporter -->
<testsuite ignored="2" hostname="VICTUS" failures="0" tests="3" name="Test 123" time="0.037" errors="0" timestamp="2026-02-01T23:34:30 IST">
  <testcase classname="testNgPrac.cdf" name="cdf1" time="0.007"/>
  <testcase classname="testNgPrac.cdf" name="cdf12" time="0.002"/>
  <testcase classname="testNgPrac.Testabc" name="a2" time="0.001"/>
  <testcase classname="testNgPrac.Testabc" name="a" time="0.0">
    <ignored/>
  </testcase> <!-- a -->
  <testcase classname="testNgPrac.Testabc" name="a1" time="0.0">
    <ignored/>
  </testcase> <!-- a1 -->
</testsuite> <!-- Test 123 -->
