<?xml version="1.0" encoding="UTF-8"?>
<!-- Generated by org.testng.reporters.JUnitXMLReporter -->
<testsuite ignored="0" hostname="VICTUS" failures="0" tests="5" name="Test 1523" time="0.009" errors="0" timestamp="2026-02-01T23:33:24 IST">
  <testcase classname="testNgPrac.cdf" name="cdf1" time="0.0"/>
  <testcase classname="testNgPrac.cdf" name="cdf12" time="0.001"/>
  <testcase classname="testNgPrac.Testabc" name="a" time="0.001"/>
  <testcase classname="testNgPrac.Testabc" name="a1" time="0.001"/>
  <testcase classname="testNgPrac.Testabc" name="a2" time="0.001"/>
</testsuite> <!-- Test 1523 -->
