<?xml version="1.0" encoding="UTF-8"?>
<!-- Generated by org.testng.reporters.JUnitReportReporter -->
<testsuite hostname="VICTUS" failures="0" tests="4" name="testNgPrac.cdf" time="0.011" errors="0" timestamp="2026-02-01T23:34:30 IST" skipped="0">
  <testcase classname="testNgPrac.cdf" name="cdf1" time="0.007"/>
  <system-out/>
  <testcase classname="testNgPrac.cdf" name="cdf12" time="0.001"/>
  <system-out/>
  <testcase classname="testNgPrac.cdf" name="cdf1" time="0.001"/>
  <system-out/>
  <testcase classname="testNgPrac.cdf" name="cdf12" time="0.002"/>
  <system-out/>
</testsuite> <!-- testNgPrac.cdf -->
