<?xml version="1.0" encoding="UTF-8"?>
<!-- Generated by org.testng.reporters.JUnitReportReporter -->
<testsuite hostname="VICTUS" failures="0" tests="2" name="com.ApiAutomation.com.ApiAutomation.Api2" time="2.043" errors="0" timestamp="2024-08-23T00:06:20 IST" skipped="0">
  <testcase classname="com.ApiAutomation.com.ApiAutomation.Api2" name="Test1" time="1.731"/>
  <testcase classname="com.ApiAutomation.com.ApiAutomation.Api2" name="Test2" time="0.312"/>
</testsuite> <!-- com.ApiAutomation.com.ApiAutomation.Api2 -->
