<?xml version="1.0" encoding="UTF-8"?>
<!-- Generated by org.testng.reporters.JUnitXMLReporter -->
<testsuite ignored="0" hostname="VICTUS" failures="0" tests="7" name="Surefire test" time="0.047" errors="0" timestamp="2026-02-28T16:42:03 IST">
  <testcase classname="testNgPrac.NewTest" name="@BeforeClass setup" time="-1.772277123352E9">
    <failure type="org.testng.TestNGException" message="
Parameter &amp;apos;browser&amp;apos; is required by BeforeClass on method setup but has not been marked @Optional or defined
">
      <![CDATA[org.testng.TestNGException: 
Parameter 'browser' is required by BeforeClass on method setup but has not been marked @Optional or defined

at java.base/java.util.ArrayList.forEach(ArrayList.java:1511)
... Removed 27 stack frames]]>
    </failure>
  </testcase> <!-- @BeforeClass setup -->
  <testcase classname="testNgPrac.NewTest" name="@AfterClass closeclass" time="0.0">
    <skipped/>
  </testcase> <!-- @AfterClass closeclass -->
  <testcase classname="testNgPrac.NewTest" name="Test" time="0.0">
    <skipped/>
  </testcase> <!-- Test -->
  <testcase classname="testNgPrac.NewTest" name="Test" time="0.0">
    <skipped/>
  </testcase> <!-- Test -->
  <testcase classname="testNgPrac.NewTest" name="Test" time="0.0">
    <skipped/>
  </testcase> <!-- Test -->
  <testcase classname="testNgPrac.NewTest" name="Test" time="0.0">
    <skipped/>
  </testcase> <!-- Test -->
  <testcase classname="testNgPrac.Testabc" name="a" time="0.017"/>
  <testcase classname="testNgPrac.Testabc" name="a1" time="0.001"/>
  <testcase classname="testNgPrac.Testabc" name="a2" time="0.001"/>
</testsuite> <!-- Surefire test -->
