<?xml version="1.0" encoding="UTF-8"?>
<testng-results ignored="0" total="2" passed="2" failed="0" skipped="0">
  <reporter-output>
  </reporter-output>
  <suite started-at="2025-01-08T13:33:55 IST" name="Default suite" finished-at="2025-01-08T13:33:55 IST" duration-ms="46">
    <groups>
    </groups>
    <test started-at="2025-01-08T13:33:55 IST" name="Default test" finished-at="2025-01-08T13:33:55 IST" duration-ms="46">
      <class name="com.practice.com.practice.Akshat5">
        <test-method signature="datacheck(java.lang.String,java.lang.String)[pri:0, instance:com.practice.com.practice.Akshat5@4f18837a]" started-at="2025-01-08T13:33:55 IST" name="datacheck" data-provider="datagiver" finished-at="2025-01-08T13:33:55 IST" duration-ms="7" status="PASS">
          <params>
            <param index="0">
              <value>
                <![CDATA[abcd6]]>
              </value>
            </param>
            <param index="1">
              <value>
                <![CDATA[abcd6]]>
              </value>
            </param>
          </params>
          <reporter-output>
          </reporter-output>
        </test-method> <!-- datacheck -->
        <test-method signature="datacheck(java.lang.String,java.lang.String)[pri:0, instance:com.practice.com.practice.Akshat5@4f18837a]" started-at="2025-01-08T13:33:55 IST" name="datacheck" data-provider="datagiver" finished-at="2025-01-08T13:33:55 IST" duration-ms="1" status="PASS">
          <params>
            <param index="0">
              <value>
                <![CDATA[ABX]]>
              </value>
            </param>
            <param index="1">
              <value>
                <![CDATA[BBX]]>
              </value>
            </param>
          </params>
          <reporter-output>
          </reporter-output>
        </test-method> <!-- datacheck -->
      </class> <!-- com.practice.com.practice.Akshat5 -->
    </test> <!-- Default test -->
  </suite> <!-- Default suite -->
</testng-results>
