<?xml version="1.0" encoding="UTF-8"?>
<!-- Generated by org.testng.reporters.JUnitReportReporter -->
<testsuite hostname="VICTUS" failures="0" tests="2" name="com.practice.com.practice.PracticeAkshat1" time="0.002" errors="0" timestamp="2024-10-15T18:42:02 IST" skipped="0">
  <testcase classname="com.practice.com.practice.PracticeAkshat1" name="AkshatFirsttest9" time="0.001"/>
  <system-out/>
  <testcase classname="com.practice.com.practice.PracticeAkshat1" name="AkshatFirsttest10" time="0.001"/>
  <system-out/>
</testsuite> <!-- com.practice.com.practice.PracticeAkshat1 -->
