<?xml version="1.0" encoding="UTF-8"?>
<!-- Generated by org.testng.reporters.JUnitReportReporter -->
<testsuite hostname="VICTUS" failures="0" tests="2" name="com.practice2.AkshatPratice2" time="0.010" errors="0" timestamp="2025-01-02T22:21:01 IST" skipped="0">
  <testcase classname="com.practice2.AkshatPratice2" name="AkshatFirsttest9" time="0.008"/>
  <system-out/>
  <testcase classname="com.practice2.AkshatPratice2" name="AkshatFirsttest10" time="0.002"/>
  <system-out/>
</testsuite> <!-- com.practice2.AkshatPratice2 -->
