<?xml version="1.0" encoding="UTF-8"?>
<!-- Generated by org.testng.reporters.JUnitReportReporter -->
<testsuite hostname="VICTUS" failures="0" tests="2" name="com.practice.com.practice.Akshat5" time="0.008" errors="0" timestamp="2025-01-08T13:33:56 IST" skipped="0">
  <testcase classname="com.practice.com.practice.Akshat5" name="datacheck" time="0.001"/>
  <system-out/>
  <testcase classname="com.practice.com.practice.Akshat5" name="datacheck" time="0.007"/>
  <system-out/>
</testsuite> <!-- com.practice.com.practice.Akshat5 -->
