<?xml version="1.0" encoding="UTF-8"?>
<!-- Generated by org.testng.reporters.JUnitReportReporter -->
<testsuite hostname="VICTUS" failures="0" tests="2" name="com.practice.com.practice.abcd" time="0.013" errors="0" timestamp="2025-01-03T19:28:37 IST" skipped="0">
  <testcase classname="com.practice.com.practice.abcd" name="AkshatFirsttest10" time="0.010"/>
  <system-out/>
  <testcase classname="com.practice.com.practice.abcd" name="AkshatFirsttest9" time="0.003"/>
  <system-out/>
</testsuite> <!-- com.practice.com.practice.abcd -->
